[2024-12-17 17:49:00.931] [exec_time] [info] 



[2024-12-17 17:49:00.931] [exec_time] [info] **************** -- <running> - <algo> -- ****************
[2024-12-17 17:49:00.931] [exec_time] [info] 



[2024-12-17 17:49:00.931] [exec_time] [info] [name]: <h> MaxOfTwo Greedy
[2024-12-17 17:49:00.931] [exec_time] [info] [execution_time]: 168
[2024-12-17 17:49:00.931] [exec_time] [info] [capacity]: 83
[2024-12-17 17:49:00.931] [exec_time] [info] [solution]: 368
[2024-12-17 17:49:00.931] [exec_time] [info] [items_size]: [1000]
[2024-12-17 17:49:00.931] [exec_time] [info] 

[2024-12-17 17:49:00.931] [exec_time] [info] [name]: <a> Branch and Bound
[2024-12-17 17:49:00.931] [exec_time] [info] [execution_time]: 410
[2024-12-17 17:49:00.931] [exec_time] [info] [capacity]: 83
[2024-12-17 17:49:00.931] [exec_time] [info] [solution]: 368
[2024-12-17 17:49:00.931] [exec_time] [info] [items_size]: [1000]
[2024-12-17 17:49:00.931] [exec_time] [info] 

[2024-12-17 17:49:00.932] [exec_time] [info] [name]: <h> Transitioning Greedy
[2024-12-17 17:49:00.932] [exec_time] [info] [execution_time]: 900
[2024-12-17 17:49:00.932] [exec_time] [info] [capacity]: 83
[2024-12-17 17:49:00.932] [exec_time] [info] [solution]: 292
[2024-12-17 17:49:00.932] [exec_time] [info] [items_size]: [1000]
[2024-12-17 17:49:00.932] [exec_time] [info] 

[2024-12-17 17:49:00.932] [exec_time] [info] [name]: <h> Weight Stingy
[2024-12-17 17:49:00.932] [exec_time] [info] [execution_time]: 109
[2024-12-17 17:49:00.932] [exec_time] [info] [capacity]: 83
[2024-12-17 17:49:00.932] [exec_time] [info] [solution]: 122
[2024-12-17 17:49:00.932] [exec_time] [info] [items_size]: [1000]
[2024-12-17 17:49:00.932] [exec_time] [info] 

[2024-12-17 17:49:00.932] [exec_time] [info] [name]: <h> Scored Greedy
[2024-12-17 17:49:00.932] [exec_time] [info] [execution_time]: 894
[2024-12-17 17:49:00.932] [exec_time] [info] [capacity]: 83
[2024-12-17 17:49:00.932] [exec_time] [info] [solution]: 332
[2024-12-17 17:49:00.932] [exec_time] [info] [items_size]: [1000]
[2024-12-17 17:49:00.932] [exec_time] [info] 

[2024-12-17 17:49:00.932] [exec_time] [info] [name]: <h> Sliding Threshold Greedy
[2024-12-17 17:49:00.932] [exec_time] [info] [execution_time]: 172
[2024-12-17 17:49:00.932] [exec_time] [info] [capacity]: 83
[2024-12-17 17:49:00.932] [exec_time] [info] [solution]: 122
[2024-12-17 17:49:00.932] [exec_time] [info] [items_size]: [1000]
[2024-12-17 17:49:00.932] [exec_time] [info] 

[2024-12-17 17:49:00.932] [exec_time] [info] [name]: <h> Standard Greedy
[2024-12-17 17:49:00.932] [exec_time] [info] [execution_time]: 141
[2024-12-17 17:49:00.932] [exec_time] [info] [capacity]: 83
[2024-12-17 17:49:00.932] [exec_time] [info] [solution]: 368
[2024-12-17 17:49:00.932] [exec_time] [info] [items_size]: [1000]
[2024-12-17 17:49:00.932] [exec_time] [info] 

[2024-12-17 17:49:00.933] [exec_time] [info] [name]: <h> Deal Stingy
[2024-12-17 17:49:00.933] [exec_time] [info] [execution_time]: 1476
[2024-12-17 17:49:00.933] [exec_time] [info] [capacity]: 83
[2024-12-17 17:49:00.933] [exec_time] [info] [solution]: 332
[2024-12-17 17:49:00.933] [exec_time] [info] [items_size]: [1000]
[2024-12-17 17:49:00.933] [exec_time] [info] 

[2024-12-17 17:49:00.933] [exec_time] [info] [name]: <h> Heavy Greedy
[2024-12-17 17:49:00.933] [exec_time] [info] [execution_time]: 70
[2024-12-17 17:49:00.933] [exec_time] [info] [capacity]: 83
[2024-12-17 17:49:00.933] [exec_time] [info] [solution]: 150
[2024-12-17 17:49:00.933] [exec_time] [info] [items_size]: [1000]
[2024-12-17 17:49:00.933] [exec_time] [info] 

[2024-12-17 17:49:00.933] [exec_time] [info] [name]: <h> Limited Greedy
[2024-12-17 17:49:00.933] [exec_time] [info] [execution_time]: 56
[2024-12-17 17:49:00.933] [exec_time] [info] [capacity]: 83
[2024-12-17 17:49:00.933] [exec_time] [info] [solution]: 150
[2024-12-17 17:49:00.933] [exec_time] [info] [items_size]: [1000]
[2024-12-17 17:49:00.933] [exec_time] [info] 

[2024-12-17 17:49:02.642] [exec_time] [info] [name]: <a> Ant Colony Optimization
[2024-12-17 17:49:02.642] [exec_time] [info] [execution_time]: 1711430
[2024-12-17 17:49:02.642] [exec_time] [info] [capacity]: 83
[2024-12-17 17:49:02.643] [exec_time] [info] [solution]: 194
[2024-12-17 17:49:02.643] [exec_time] [info] [items_size]: [1000]
[2024-12-17 17:49:02.643] [exec_time] [info] 

[2024-12-17 17:49:02.643] [exec_time] [info] [name]: <a> Dynamic Programming
[2024-12-17 17:49:02.643] [exec_time] [info] [execution_time]: 205
[2024-12-17 17:49:02.643] [exec_time] [info] [capacity]: 83
[2024-12-17 17:49:02.643] [exec_time] [info] [solution]: 368
[2024-12-17 17:49:02.643] [exec_time] [info] [items_size]: [1000]
[2024-12-17 17:49:02.643] [exec_time] [info] 

[2024-12-17 17:49:02.666] [exec_time] [info] [name]: <a> Memoization
[2024-12-17 17:49:02.666] [exec_time] [info] [execution_time]: 22839
[2024-12-17 17:49:02.666] [exec_time] [info] [capacity]: 83
[2024-12-17 17:49:02.666] [exec_time] [info] [solution]: 368
[2024-12-17 17:49:02.666] [exec_time] [info] [items_size]: [1000]
[2024-12-17 17:49:02.666] [exec_time] [info] 

[2024-12-17 17:49:02.666] [exec_time] [info] [name]: <a> Simulated Annealing
[2024-12-17 17:49:02.666] [exec_time] [info] [execution_time]: 5
[2024-12-17 17:49:02.666] [exec_time] [info] [capacity]: 83
[2024-12-17 17:49:02.666] [exec_time] [info] [solution]: 89
[2024-12-17 17:49:02.666] [exec_time] [info] [items_size]: [1000]
[2024-12-17 17:49:02.666] [exec_time] [info] 

[2024-12-17 17:49:04.482] [exec_time] [info] [name]: <a> Ant Colony Optimization
[2024-12-17 17:49:04.482] [exec_time] [info] [execution_time]: 1816257
[2024-12-17 17:49:04.482] [exec_time] [info] [capacity]: 83
[2024-12-17 17:49:04.482] [exec_time] [info] [solution]: 185
[2024-12-17 17:49:04.482] [exec_time] [info] [items_size]: [1000]
[2024-12-17 17:49:04.482] [exec_time] [info] 

[2024-12-17 17:49:04.483] [exec_time] [info] [name]: <a> Dynamic Programming
[2024-12-17 17:49:04.483] [exec_time] [info] [execution_time]: 203
[2024-12-17 17:49:04.483] [exec_time] [info] [capacity]: 83
[2024-12-17 17:49:04.483] [exec_time] [info] [solution]: 368
[2024-12-17 17:49:04.483] [exec_time] [info] [items_size]: [1000]
[2024-12-17 17:49:04.483] [exec_time] [info] 

[2024-12-17 17:49:04.506] [exec_time] [info] [name]: <a> Memoization
[2024-12-17 17:49:04.506] [exec_time] [info] [execution_time]: 23166
[2024-12-17 17:49:04.506] [exec_time] [info] [capacity]: 83
[2024-12-17 17:49:04.506] [exec_time] [info] [solution]: 368
[2024-12-17 17:49:04.506] [exec_time] [info] [items_size]: [1000]
[2024-12-17 17:49:04.506] [exec_time] [info] 

[2024-12-17 17:49:04.506] [exec_time] [info] [name]: <a> Simulated Annealing
[2024-12-17 17:49:04.506] [exec_time] [info] [execution_time]: 5
[2024-12-17 17:49:04.506] [exec_time] [info] [capacity]: 83
[2024-12-17 17:49:04.506] [exec_time] [info] [solution]: 22
[2024-12-17 17:49:04.506] [exec_time] [info] [items_size]: [1000]
[2024-12-17 17:49:04.506] [exec_time] [info] 

[2024-12-17 17:49:04.506] [exec_time] [info] [name]: <a> Branch and Bound
[2024-12-17 17:49:04.506] [exec_time] [info] [execution_time]: 386
[2024-12-17 17:49:04.506] [exec_time] [info] [capacity]: 83
[2024-12-17 17:49:04.506] [exec_time] [info] [solution]: 368
[2024-12-17 17:49:04.506] [exec_time] [info] [items_size]: [1000]
[2024-12-17 17:49:04.506] [exec_time] [info] 

[2024-12-17 17:49:04.506] [exec_time] [info] 



[2024-12-17 17:49:04.506] [exec_time] [info] **************** -- <running> - <heuristic> -- ****************
[2024-12-17 17:49:04.506] [exec_time] [info] 



[2024-12-17 17:49:04.507] [exec_time] [info] [name]: <h> Deal Stingy
[2024-12-17 17:49:04.507] [exec_time] [info] [execution_time]: 1155
[2024-12-17 17:49:04.507] [exec_time] [info] [capacity]: 83
[2024-12-17 17:49:04.507] [exec_time] [info] [solution]: 332
[2024-12-17 17:49:04.507] [exec_time] [info] [items_size]: [1000]
[2024-12-17 17:49:04.507] [exec_time] [info] 

[2024-12-17 17:49:04.509] [exec_time] [info] [name]: <h> Deal Stingy
[2024-12-17 17:49:04.509] [exec_time] [info] [execution_time]: 1129
[2024-12-17 17:49:04.509] [exec_time] [info] [capacity]: 83
[2024-12-17 17:49:04.509] [exec_time] [info] [solution]: 332
[2024-12-17 17:49:04.509] [exec_time] [info] [items_size]: [1000]
[2024-12-17 17:49:04.509] [exec_time] [info] 

[2024-12-17 17:49:04.509] [exec_time] [info] [name]: <h> Heavy Greedy
[2024-12-17 17:49:04.509] [exec_time] [info] [execution_time]: 42
[2024-12-17 17:49:04.509] [exec_time] [info] [capacity]: 83
[2024-12-17 17:49:04.509] [exec_time] [info] [solution]: 150
[2024-12-17 17:49:04.509] [exec_time] [info] [items_size]: [1000]
[2024-12-17 17:49:04.509] [exec_time] [info] 

[2024-12-17 17:49:04.509] [exec_time] [info] [name]: <h> Limited Greedy
[2024-12-17 17:49:04.509] [exec_time] [info] [execution_time]: 35
[2024-12-17 17:49:04.509] [exec_time] [info] [capacity]: 83
[2024-12-17 17:49:04.509] [exec_time] [info] [solution]: 150
[2024-12-17 17:49:04.509] [exec_time] [info] [items_size]: [1000]
[2024-12-17 17:49:04.509] [exec_time] [info] 

[2024-12-17 17:49:04.509] [exec_time] [info] [name]: <h> MaxOfTwo Greedy
[2024-12-17 17:49:04.509] [exec_time] [info] [execution_time]: 129
[2024-12-17 17:49:04.509] [exec_time] [info] [capacity]: 83
[2024-12-17 17:49:04.509] [exec_time] [info] [solution]: 368
[2024-12-17 17:49:04.509] [exec_time] [info] [items_size]: [1000]
[2024-12-17 17:49:04.509] [exec_time] [info] 

[2024-12-17 17:49:04.510] [exec_time] [info] [name]: <h> Scored Greedy
[2024-12-17 17:49:04.510] [exec_time] [info] [execution_time]: 882
[2024-12-17 17:49:04.510] [exec_time] [info] [capacity]: 83
[2024-12-17 17:49:04.510] [exec_time] [info] [solution]: 332
[2024-12-17 17:49:04.510] [exec_time] [info] [items_size]: [1000]
[2024-12-17 17:49:04.510] [exec_time] [info] 

[2024-12-17 17:49:04.510] [exec_time] [info] [name]: <h> Sliding Threshold Greedy
[2024-12-17 17:49:04.510] [exec_time] [info] [execution_time]: 99
[2024-12-17 17:49:04.510] [exec_time] [info] [capacity]: 83
[2024-12-17 17:49:04.510] [exec_time] [info] [solution]: 122
[2024-12-17 17:49:04.510] [exec_time] [info] [items_size]: [1000]
[2024-12-17 17:49:04.510] [exec_time] [info] 

[2024-12-17 17:49:04.510] [exec_time] [info] [name]: <h> Standard Greedy
[2024-12-17 17:49:04.510] [exec_time] [info] [execution_time]: 78
[2024-12-17 17:49:04.510] [exec_time] [info] [capacity]: 83
[2024-12-17 17:49:04.510] [exec_time] [info] [solution]: 368
[2024-12-17 17:49:04.510] [exec_time] [info] [items_size]: [1000]
[2024-12-17 17:49:04.510] [exec_time] [info] 

[2024-12-17 17:49:04.511] [exec_time] [info] [name]: <h> Transitioning Greedy
[2024-12-17 17:49:04.511] [exec_time] [info] [execution_time]: 893
[2024-12-17 17:49:04.511] [exec_time] [info] [capacity]: 83
[2024-12-17 17:49:04.511] [exec_time] [info] [solution]: 292
[2024-12-17 17:49:04.511] [exec_time] [info] [items_size]: [1000]
[2024-12-17 17:49:04.511] [exec_time] [info] 

[2024-12-17 17:49:04.511] [exec_time] [info] [name]: <h> Weight Stingy
[2024-12-17 17:49:04.511] [exec_time] [info] [execution_time]: 74
[2024-12-17 17:49:04.511] [exec_time] [info] [capacity]: 83
[2024-12-17 17:49:04.511] [exec_time] [info] [solution]: 122
[2024-12-17 17:49:04.511] [exec_time] [info] [items_size]: [1000]
[2024-12-17 17:49:04.511] [exec_time] [info] 

[2024-12-17 17:49:04.512] [exec_time] [info] 



[2024-12-17 17:49:04.512] [exec_time] [info] **************** -- <running> - <algo> -- ****************
[2024-12-17 17:49:04.512] [exec_time] [info] 



[2024-12-17 17:49:06.367] [exec_time] [info] [name]: <a> Ant Colony Optimization
[2024-12-17 17:49:06.367] [exec_time] [info] [execution_time]: 1855248
[2024-12-17 17:49:06.367] [exec_time] [info] [capacity]: 142
[2024-12-17 17:49:06.367] [exec_time] [info] [solution]: 324
[2024-12-17 17:49:06.367] [exec_time] [info] [items_size]: [1000]
[2024-12-17 17:49:06.367] [exec_time] [info] 

[2024-12-17 17:49:06.368] [exec_time] [info] [name]: <a> Dynamic Programming
[2024-12-17 17:49:06.368] [exec_time] [info] [execution_time]: 260
[2024-12-17 17:49:06.368] [exec_time] [info] [capacity]: 142
[2024-12-17 17:49:06.368] [exec_time] [info] [solution]: 601
[2024-12-17 17:49:06.368] [exec_time] [info] [items_size]: [1000]
[2024-12-17 17:49:06.368] [exec_time] [info] 

[2024-12-17 17:49:06.412] [exec_time] [info] [name]: <a> Memoization
[2024-12-17 17:49:06.412] [exec_time] [info] [execution_time]: 44777
[2024-12-17 17:49:06.412] [exec_time] [info] [capacity]: 142
[2024-12-17 17:49:06.412] [exec_time] [info] [solution]: 601
[2024-12-17 17:49:06.412] [exec_time] [info] [items_size]: [1000]
[2024-12-17 17:49:06.412] [exec_time] [info] 

[2024-12-17 17:49:06.412] [exec_time] [info] [name]: <a> Simulated Annealing
[2024-12-17 17:49:06.412] [exec_time] [info] [execution_time]: 5
[2024-12-17 17:49:06.412] [exec_time] [info] [capacity]: 142
[2024-12-17 17:49:06.412] [exec_time] [info] [solution]: 75
[2024-12-17 17:49:06.412] [exec_time] [info] [items_size]: [1000]
[2024-12-17 17:49:06.412] [exec_time] [info] 

[2024-12-17 17:49:06.413] [exec_time] [info] [name]: <a> Branch and Bound
[2024-12-17 17:49:06.413] [exec_time] [info] [execution_time]: 531
[2024-12-17 17:49:06.413] [exec_time] [info] [capacity]: 142
[2024-12-17 17:49:06.413] [exec_time] [info] [solution]: 601
[2024-12-17 17:49:06.413] [exec_time] [info] [items_size]: [1000]
[2024-12-17 17:49:06.413] [exec_time] [info] 

[2024-12-17 17:49:06.413] [exec_time] [info] 



[2024-12-17 17:49:06.413] [exec_time] [info] **************** -- <running> - <heuristic> -- ****************
[2024-12-17 17:49:06.413] [exec_time] [info] 



[2024-12-17 17:49:06.414] [exec_time] [info] [name]: <h> Deal Stingy
[2024-12-17 17:49:06.414] [exec_time] [info] [execution_time]: 1153
[2024-12-17 17:49:06.414] [exec_time] [info] [capacity]: 142
[2024-12-17 17:49:06.414] [exec_time] [info] [solution]: 561
[2024-12-17 17:49:06.414] [exec_time] [info] [items_size]: [1000]
[2024-12-17 17:49:06.414] [exec_time] [info] 

[2024-12-17 17:49:06.415] [exec_time] [info] [name]: <h> Deal Stingy
[2024-12-17 17:49:06.415] [exec_time] [info] [execution_time]: 1134
[2024-12-17 17:49:06.415] [exec_time] [info] [capacity]: 142
[2024-12-17 17:49:06.415] [exec_time] [info] [solution]: 561
[2024-12-17 17:49:06.415] [exec_time] [info] [items_size]: [1000]
[2024-12-17 17:49:06.415] [exec_time] [info] 

[2024-12-17 17:49:06.415] [exec_time] [info] [name]: <h> Heavy Greedy
[2024-12-17 17:49:06.415] [exec_time] [info] [execution_time]: 42
[2024-12-17 17:49:06.415] [exec_time] [info] [capacity]: 142
[2024-12-17 17:49:06.415] [exec_time] [info] [solution]: 249
[2024-12-17 17:49:06.415] [exec_time] [info] [items_size]: [1000]
[2024-12-17 17:49:06.415] [exec_time] [info] 

[2024-12-17 17:49:06.415] [exec_time] [info] [name]: <h> Limited Greedy
[2024-12-17 17:49:06.415] [exec_time] [info] [execution_time]: 34
[2024-12-17 17:49:06.415] [exec_time] [info] [capacity]: 142
[2024-12-17 17:49:06.415] [exec_time] [info] [solution]: 249
[2024-12-17 17:49:06.415] [exec_time] [info] [items_size]: [1000]
[2024-12-17 17:49:06.415] [exec_time] [info] 

[2024-12-17 17:49:06.415] [exec_time] [info] [name]: <h> MaxOfTwo Greedy
[2024-12-17 17:49:06.415] [exec_time] [info] [execution_time]: 132
[2024-12-17 17:49:06.415] [exec_time] [info] [capacity]: 142
[2024-12-17 17:49:06.415] [exec_time] [info] [solution]: 584
[2024-12-17 17:49:06.415] [exec_time] [info] [items_size]: [1000]
[2024-12-17 17:49:06.415] [exec_time] [info] 

[2024-12-17 17:49:06.416] [exec_time] [info] [name]: <h> Scored Greedy
[2024-12-17 17:49:06.416] [exec_time] [info] [execution_time]: 880
[2024-12-17 17:49:06.416] [exec_time] [info] [capacity]: 142
[2024-12-17 17:49:06.416] [exec_time] [info] [solution]: 601
[2024-12-17 17:49:06.416] [exec_time] [info] [items_size]: [1000]
[2024-12-17 17:49:06.416] [exec_time] [info] 

[2024-12-17 17:49:06.416] [exec_time] [info] [name]: <h> Sliding Threshold Greedy
[2024-12-17 17:49:06.416] [exec_time] [info] [execution_time]: 97
[2024-12-17 17:49:06.416] [exec_time] [info] [capacity]: 142
[2024-12-17 17:49:06.416] [exec_time] [info] [solution]: 211
[2024-12-17 17:49:06.416] [exec_time] [info] [items_size]: [1000]
[2024-12-17 17:49:06.416] [exec_time] [info] 

[2024-12-17 17:49:06.416] [exec_time] [info] [name]: <h> Standard Greedy
[2024-12-17 17:49:06.416] [exec_time] [info] [execution_time]: 84
[2024-12-17 17:49:06.416] [exec_time] [info] [capacity]: 142
[2024-12-17 17:49:06.417] [exec_time] [info] [solution]: 584
[2024-12-17 17:49:06.417] [exec_time] [info] [items_size]: [1000]
[2024-12-17 17:49:06.417] [exec_time] [info] 

[2024-12-17 17:49:06.417] [exec_time] [info] [name]: <h> Transitioning Greedy
[2024-12-17 17:49:06.417] [exec_time] [info] [execution_time]: 888
[2024-12-17 17:49:06.417] [exec_time] [info] [capacity]: 142
[2024-12-17 17:49:06.417] [exec_time] [info] [solution]: 471
[2024-12-17 17:49:06.417] [exec_time] [info] [items_size]: [1000]
[2024-12-17 17:49:06.417] [exec_time] [info] 

[2024-12-17 17:49:06.417] [exec_time] [info] [name]: <h> Weight Stingy
[2024-12-17 17:49:06.417] [exec_time] [info] [execution_time]: 84
[2024-12-17 17:49:06.417] [exec_time] [info] [capacity]: 142
[2024-12-17 17:49:06.417] [exec_time] [info] [solution]: 211
[2024-12-17 17:49:06.417] [exec_time] [info] [items_size]: [1000]
[2024-12-17 17:49:06.417] [exec_time] [info] 

[2024-12-17 17:52:37.491] [exec_time] [info] 



[2024-12-17 17:52:37.491] [exec_time] [info] **************** -- <running> - <algo> -- ****************
[2024-12-17 17:52:37.491] [exec_time] [info] 



[2024-12-17 17:52:37.491] [exec_time] [info] [name]: <h> Heavy Greedy
[2024-12-17 17:52:37.491] [exec_time] [info] [execution_time]: 40
[2024-12-17 17:52:37.491] [exec_time] [info] [capacity]: 123
[2024-12-17 17:52:37.491] [exec_time] [info] [solution]: 150
[2024-12-17 17:52:37.491] [exec_time] [info] [items_size]: [1000]
[2024-12-17 17:52:37.491] [exec_time] [info] 

[2024-12-17 17:52:37.492] [exec_time] [info] [name]: <h> Limited Greedy
[2024-12-17 17:52:37.492] [exec_time] [info] [execution_time]: 36
[2024-12-17 17:52:37.492] [exec_time] [info] [capacity]: 123
[2024-12-17 17:52:37.492] [exec_time] [info] [solution]: 200
[2024-12-17 17:52:37.492] [exec_time] [info] [items_size]: [1000]
[2024-12-17 17:52:37.492] [exec_time] [info] 

[2024-12-17 17:52:37.492] [exec_time] [info] [name]: <h> Sliding Threshold Greedy
[2024-12-17 17:52:37.492] [exec_time] [info] [execution_time]: 108
[2024-12-17 17:52:37.492] [exec_time] [info] [capacity]: 123
[2024-12-17 17:52:37.492] [exec_time] [info] [solution]: 176
[2024-12-17 17:52:37.492] [exec_time] [info] [items_size]: [1000]
[2024-12-17 17:52:37.492] [exec_time] [info] 

[2024-12-17 17:52:37.492] [exec_time] [info] [name]: <h> Standard Greedy
[2024-12-17 17:52:37.492] [exec_time] [info] [execution_time]: 130
[2024-12-17 17:52:37.492] [exec_time] [info] [capacity]: 123
[2024-12-17 17:52:37.492] [exec_time] [info] [solution]: 503
[2024-12-17 17:52:37.492] [exec_time] [info] [items_size]: [1000]
[2024-12-17 17:52:37.492] [exec_time] [info] 

[2024-12-17 17:52:37.492] [exec_time] [info] [name]: <h> MaxOfTwo Greedy
[2024-12-17 17:52:37.492] [exec_time] [info] [execution_time]: 532
[2024-12-17 17:52:37.492] [exec_time] [info] [capacity]: 123
[2024-12-17 17:52:37.492] [exec_time] [info] [solution]: 503
[2024-12-17 17:52:37.492] [exec_time] [info] [items_size]: [1000]
[2024-12-17 17:52:37.492] [exec_time] [info] 

[2024-12-17 17:52:37.492] [exec_time] [info] [name]: <a> Branch and Bound
[2024-12-17 17:52:37.492] [exec_time] [info] [execution_time]: 701
[2024-12-17 17:52:37.492] [exec_time] [info] [capacity]: 123
[2024-12-17 17:52:37.492] [exec_time] [info] [solution]: 520
[2024-12-17 17:52:37.492] [exec_time] [info] [items_size]: [1000]
[2024-12-17 17:52:37.492] [exec_time] [info] 

[2024-12-17 17:52:37.493] [exec_time] [info] [name]: <h> Scored Greedy
[2024-12-17 17:52:37.493] [exec_time] [info] [execution_time]: 1576
[2024-12-17 17:52:37.493] [exec_time] [info] [capacity]: 123
[2024-12-17 17:52:37.493] [exec_time] [info] [solution]: 519
[2024-12-17 17:52:37.493] [exec_time] [info] [items_size]: [1000]
[2024-12-17 17:52:37.493] [exec_time] [info] 

[2024-12-17 17:52:37.494] [exec_time] [info] [name]: <h> Deal Stingy
[2024-12-17 17:52:37.494] [exec_time] [info] [execution_time]: 2038
[2024-12-17 17:52:37.494] [exec_time] [info] [capacity]: 123
[2024-12-17 17:52:37.494] [exec_time] [info] [solution]: 519
[2024-12-17 17:52:37.494] [exec_time] [info] [items_size]: [1000]
[2024-12-17 17:52:37.494] [exec_time] [info] 

[2024-12-17 17:52:37.495] [exec_time] [info] [name]: <h> Transitioning Greedy
[2024-12-17 17:52:37.495] [exec_time] [info] [execution_time]: 1591
[2024-12-17 17:52:37.495] [exec_time] [info] [capacity]: 123
[2024-12-17 17:52:37.495] [exec_time] [info] [solution]: 382
[2024-12-17 17:52:37.495] [exec_time] [info] [items_size]: [1000]
[2024-12-17 17:52:37.495] [exec_time] [info] 

[2024-12-17 17:52:37.495] [exec_time] [info] [name]: <h> Weight Stingy
[2024-12-17 17:52:37.495] [exec_time] [info] [execution_time]: 197
[2024-12-17 17:52:37.495] [exec_time] [info] [capacity]: 123
[2024-12-17 17:52:37.495] [exec_time] [info] [solution]: 176
[2024-12-17 17:52:37.495] [exec_time] [info] [items_size]: [1000]
[2024-12-17 17:52:37.495] [exec_time] [info] 

[2024-12-17 17:52:37.538] [exec_time] [info] [name]: <a> Memoization
[2024-12-17 17:52:37.538] [exec_time] [info] [execution_time]: 46346
[2024-12-17 17:52:37.538] [exec_time] [info] [capacity]: 123
[2024-12-17 17:52:37.538] [exec_time] [info] [solution]: 520
[2024-12-17 17:52:37.538] [exec_time] [info] [items_size]: [1000]
[2024-12-17 17:52:37.538] [exec_time] [info] 

[2024-12-17 17:52:37.538] [exec_time] [info] [name]: <a> Simulated Annealing
[2024-12-17 17:52:37.538] [exec_time] [info] [execution_time]: 9
[2024-12-17 17:52:37.538] [exec_time] [info] [capacity]: 123
[2024-12-17 17:52:37.538] [exec_time] [info] [solution]: 100
[2024-12-17 17:52:37.538] [exec_time] [info] [items_size]: [1000]
[2024-12-17 17:52:37.538] [exec_time] [info] 

[2024-12-17 17:52:39.331] [exec_time] [info] [name]: <a> Ant Colony Optimization
[2024-12-17 17:52:39.331] [exec_time] [info] [execution_time]: 1839345
[2024-12-17 17:52:39.331] [exec_time] [info] [capacity]: 123
[2024-12-17 17:52:39.331] [exec_time] [info] [solution]: 251
[2024-12-17 17:52:39.331] [exec_time] [info] [items_size]: [1000]
[2024-12-17 17:52:39.331] [exec_time] [info] 

[2024-12-17 17:52:39.331] [exec_time] [info] [name]: <a> Dynamic Programming
[2024-12-17 17:52:39.331] [exec_time] [info] [execution_time]: 281
[2024-12-17 17:52:39.331] [exec_time] [info] [capacity]: 123
[2024-12-17 17:52:39.331] [exec_time] [info] [solution]: 520
[2024-12-17 17:52:39.331] [exec_time] [info] [items_size]: [1000]
[2024-12-17 17:52:39.331] [exec_time] [info] 

[2024-12-17 17:52:41.197] [exec_time] [info] [name]: <a> Ant Colony Optimization
[2024-12-17 17:52:41.197] [exec_time] [info] [execution_time]: 1865865
[2024-12-17 17:52:41.197] [exec_time] [info] [capacity]: 123
[2024-12-17 17:52:41.197] [exec_time] [info] [solution]: 275
[2024-12-17 17:52:41.197] [exec_time] [info] [items_size]: [1000]
[2024-12-17 17:52:41.197] [exec_time] [info] 

[2024-12-17 17:52:41.197] [exec_time] [info] [name]: <a> Dynamic Programming
[2024-12-17 17:52:41.197] [exec_time] [info] [execution_time]: 262
[2024-12-17 17:52:41.197] [exec_time] [info] [capacity]: 123
[2024-12-17 17:52:41.197] [exec_time] [info] [solution]: 520
[2024-12-17 17:52:41.197] [exec_time] [info] [items_size]: [1000]
[2024-12-17 17:52:41.197] [exec_time] [info] 

[2024-12-17 17:52:41.238] [exec_time] [info] [name]: <a> Memoization
[2024-12-17 17:52:41.238] [exec_time] [info] [execution_time]: 40443
[2024-12-17 17:52:41.238] [exec_time] [info] [capacity]: 123
[2024-12-17 17:52:41.238] [exec_time] [info] [solution]: 520
[2024-12-17 17:52:41.238] [exec_time] [info] [items_size]: [1000]
[2024-12-17 17:52:41.238] [exec_time] [info] 

[2024-12-17 17:52:41.238] [exec_time] [info] [name]: <a> Simulated Annealing
[2024-12-17 17:52:41.238] [exec_time] [info] [execution_time]: 6
[2024-12-17 17:52:41.238] [exec_time] [info] [capacity]: 123
[2024-12-17 17:52:41.238] [exec_time] [info] [solution]: 93
[2024-12-17 17:52:41.238] [exec_time] [info] [items_size]: [1000]
[2024-12-17 17:52:41.238] [exec_time] [info] 

[2024-12-17 17:52:41.238] [exec_time] [info] [name]: <a> Branch and Bound
[2024-12-17 17:52:41.238] [exec_time] [info] [execution_time]: 556
[2024-12-17 17:52:41.238] [exec_time] [info] [capacity]: 123
[2024-12-17 17:52:41.238] [exec_time] [info] [solution]: 520
[2024-12-17 17:52:41.238] [exec_time] [info] [items_size]: [1000]
[2024-12-17 17:52:41.238] [exec_time] [info] 

[2024-12-17 17:52:41.238] [exec_time] [info] 



[2024-12-17 17:52:41.238] [exec_time] [info] **************** -- <running> - <heuristic> -- ****************
[2024-12-17 17:52:41.238] [exec_time] [info] 



[2024-12-17 17:52:41.239] [exec_time] [info] [name]: <h> Deal Stingy
[2024-12-17 17:52:41.239] [exec_time] [info] [execution_time]: 1156
[2024-12-17 17:52:41.239] [exec_time] [info] [capacity]: 123
[2024-12-17 17:52:41.239] [exec_time] [info] [solution]: 519
[2024-12-17 17:52:41.239] [exec_time] [info] [items_size]: [1000]
[2024-12-17 17:52:41.239] [exec_time] [info] 

[2024-12-17 17:52:41.240] [exec_time] [info] [name]: <h> Deal Stingy
[2024-12-17 17:52:41.240] [exec_time] [info] [execution_time]: 1132
[2024-12-17 17:52:41.240] [exec_time] [info] [capacity]: 123
[2024-12-17 17:52:41.240] [exec_time] [info] [solution]: 519
[2024-12-17 17:52:41.240] [exec_time] [info] [items_size]: [1000]
[2024-12-17 17:52:41.240] [exec_time] [info] 

[2024-12-17 17:52:41.240] [exec_time] [info] [name]: <h> Heavy Greedy
[2024-12-17 17:52:41.240] [exec_time] [info] [execution_time]: 42
[2024-12-17 17:52:41.240] [exec_time] [info] [capacity]: 123
[2024-12-17 17:52:41.240] [exec_time] [info] [solution]: 150
[2024-12-17 17:52:41.240] [exec_time] [info] [items_size]: [1000]
[2024-12-17 17:52:41.240] [exec_time] [info] 

[2024-12-17 17:52:41.241] [exec_time] [info] [name]: <h> Limited Greedy
[2024-12-17 17:52:41.241] [exec_time] [info] [execution_time]: 35
[2024-12-17 17:52:41.241] [exec_time] [info] [capacity]: 123
[2024-12-17 17:52:41.241] [exec_time] [info] [solution]: 200
[2024-12-17 17:52:41.241] [exec_time] [info] [items_size]: [1000]
[2024-12-17 17:52:41.241] [exec_time] [info] 

[2024-12-17 17:52:41.241] [exec_time] [info] [name]: <h> MaxOfTwo Greedy
[2024-12-17 17:52:41.241] [exec_time] [info] [execution_time]: 130
[2024-12-17 17:52:41.241] [exec_time] [info] [capacity]: 123
[2024-12-17 17:52:41.241] [exec_time] [info] [solution]: 503
[2024-12-17 17:52:41.241] [exec_time] [info] [items_size]: [1000]
[2024-12-17 17:52:41.241] [exec_time] [info] 

[2024-12-17 17:52:41.242] [exec_time] [info] [name]: <h> Scored Greedy
[2024-12-17 17:52:41.242] [exec_time] [info] [execution_time]: 881
[2024-12-17 17:52:41.242] [exec_time] [info] [capacity]: 123
[2024-12-17 17:52:41.242] [exec_time] [info] [solution]: 519
[2024-12-17 17:52:41.242] [exec_time] [info] [items_size]: [1000]
[2024-12-17 17:52:41.242] [exec_time] [info] 

[2024-12-17 17:52:41.242] [exec_time] [info] [name]: <h> Sliding Threshold Greedy
[2024-12-17 17:52:41.242] [exec_time] [info] [execution_time]: 99
[2024-12-17 17:52:41.242] [exec_time] [info] [capacity]: 123
[2024-12-17 17:52:41.242] [exec_time] [info] [solution]: 176
[2024-12-17 17:52:41.242] [exec_time] [info] [items_size]: [1000]
[2024-12-17 17:52:41.242] [exec_time] [info] 

[2024-12-17 17:52:41.242] [exec_time] [info] [name]: <h> Standard Greedy
[2024-12-17 17:52:41.242] [exec_time] [info] [execution_time]: 79
[2024-12-17 17:52:41.242] [exec_time] [info] [capacity]: 123
[2024-12-17 17:52:41.242] [exec_time] [info] [solution]: 503
[2024-12-17 17:52:41.242] [exec_time] [info] [items_size]: [1000]
[2024-12-17 17:52:41.242] [exec_time] [info] 

[2024-12-17 17:52:41.243] [exec_time] [info] [name]: <h> Transitioning Greedy
[2024-12-17 17:52:41.243] [exec_time] [info] [execution_time]: 885
[2024-12-17 17:52:41.243] [exec_time] [info] [capacity]: 123
[2024-12-17 17:52:41.243] [exec_time] [info] [solution]: 382
[2024-12-17 17:52:41.243] [exec_time] [info] [items_size]: [1000]
[2024-12-17 17:52:41.243] [exec_time] [info] 

[2024-12-17 17:52:41.243] [exec_time] [info] [name]: <h> Weight Stingy
[2024-12-17 17:52:41.243] [exec_time] [info] [execution_time]: 74
[2024-12-17 17:52:41.243] [exec_time] [info] [capacity]: 123
[2024-12-17 17:52:41.243] [exec_time] [info] [solution]: 176
[2024-12-17 17:52:41.243] [exec_time] [info] [items_size]: [1000]
[2024-12-17 17:52:41.243] [exec_time] [info] 

[2024-12-17 18:09:14.581] [exec_time] [info] 



[2024-12-17 18:09:14.581] [exec_time] [info] **************** -- <running> - <algo> -- ****************
[2024-12-17 18:09:14.581] [exec_time] [info] 



[2024-12-17 18:09:14.582] [exec_time] [info] [name]: <h> Heavy Greedy
[2024-12-17 18:09:14.582] [exec_time] [info] [execution_time]: 70
[2024-12-17 18:09:14.582] [exec_time] [info] [capacity]: 69
[2024-12-17 18:09:14.582] [exec_time] [info] [solution]: 100
[2024-12-17 18:09:14.582] [exec_time] [info] [items_size]: [1000]
[2024-12-17 18:09:14.582] [exec_time] [info] 

[2024-12-17 18:09:14.582] [exec_time] [info] [name]: <h> Limited Greedy
[2024-12-17 18:09:14.582] [exec_time] [info] [execution_time]: 35
[2024-12-17 18:09:14.582] [exec_time] [info] [capacity]: 69
[2024-12-17 18:09:14.582] [exec_time] [info] [solution]: 100
[2024-12-17 18:09:14.582] [exec_time] [info] [items_size]: [1000]
[2024-12-17 18:09:14.582] [exec_time] [info] 

[2024-12-17 18:09:14.582] [exec_time] [info] [name]: <h> MaxOfTwo Greedy
[2024-12-17 18:09:14.582] [exec_time] [info] [execution_time]: 170
[2024-12-17 18:09:14.582] [exec_time] [info] [capacity]: 69
[2024-12-17 18:09:14.582] [exec_time] [info] [solution]: 280
[2024-12-17 18:09:14.582] [exec_time] [info] [items_size]: [1000]
[2024-12-17 18:09:14.582] [exec_time] [info] 

[2024-12-17 18:09:14.583] [exec_time] [info] [name]: <a> Branch and Bound
[2024-12-17 18:09:14.583] [exec_time] [info] [execution_time]: 2198
[2024-12-17 18:09:14.583] [exec_time] [info] [capacity]: 69
[2024-12-17 18:09:14.583] [exec_time] [info] [solution]: 293
[2024-12-17 18:09:14.583] [exec_time] [info] [items_size]: [1000]
[2024-12-17 18:09:14.583] [exec_time] [info] 

[2024-12-17 18:09:14.584] [exec_time] [info] [name]: <h> Scored Greedy
[2024-12-17 18:09:14.584] [exec_time] [info] [execution_time]: 1953
[2024-12-17 18:09:14.584] [exec_time] [info] [capacity]: 69
[2024-12-17 18:09:14.584] [exec_time] [info] [solution]: 286
[2024-12-17 18:09:14.584] [exec_time] [info] [items_size]: [1000]
[2024-12-17 18:09:14.584] [exec_time] [info] 

[2024-12-17 18:09:14.585] [exec_time] [info] [name]: <h> Sliding Threshold Greedy
[2024-12-17 18:09:14.585] [exec_time] [info] [execution_time]: 102
[2024-12-17 18:09:14.585] [exec_time] [info] [capacity]: 69
[2024-12-17 18:09:14.585] [exec_time] [info] [solution]: 91
[2024-12-17 18:09:14.585] [exec_time] [info] [items_size]: [1000]
[2024-12-17 18:09:14.585] [exec_time] [info] 

[2024-12-17 18:09:14.585] [exec_time] [info] [name]: <h> Standard Greedy
[2024-12-17 18:09:14.585] [exec_time] [info] [execution_time]: 95
[2024-12-17 18:09:14.585] [exec_time] [info] [capacity]: 69
[2024-12-17 18:09:14.585] [exec_time] [info] [solution]: 280
[2024-12-17 18:09:14.585] [exec_time] [info] [items_size]: [1000]
[2024-12-17 18:09:14.585] [exec_time] [info] 

[2024-12-17 18:09:14.586] [exec_time] [info] [name]: <h> Deal Stingy
[2024-12-17 18:09:14.586] [exec_time] [info] [execution_time]: 2366
[2024-12-17 18:09:14.586] [exec_time] [info] [capacity]: 69
[2024-12-17 18:09:14.586] [exec_time] [info] [solution]: 286
[2024-12-17 18:09:14.586] [exec_time] [info] [items_size]: [1000]
[2024-12-17 18:09:14.586] [exec_time] [info] 

[2024-12-17 18:09:14.587] [exec_time] [info] [name]: <h> Transitioning Greedy
[2024-12-17 18:09:14.587] [exec_time] [info] [execution_time]: 1542
[2024-12-17 18:09:14.587] [exec_time] [info] [capacity]: 69
[2024-12-17 18:09:14.587] [exec_time] [info] [solution]: 243
[2024-12-17 18:09:14.587] [exec_time] [info] [items_size]: [1000]
[2024-12-17 18:09:14.587] [exec_time] [info] 

[2024-12-17 18:09:14.587] [exec_time] [info] [name]: <h> Weight Stingy
[2024-12-17 18:09:14.587] [exec_time] [info] [execution_time]: 195
[2024-12-17 18:09:14.587] [exec_time] [info] [capacity]: 69
[2024-12-17 18:09:14.587] [exec_time] [info] [solution]: 91
[2024-12-17 18:09:14.587] [exec_time] [info] [items_size]: [1000]
[2024-12-17 18:09:14.587] [exec_time] [info] 

[2024-12-17 18:09:14.608] [exec_time] [info] [name]: <a> Memoization
[2024-12-17 18:09:14.608] [exec_time] [info] [execution_time]: 27443
[2024-12-17 18[2024-12-17 18:10:17.548] [exec_time] [info] 



[2024-12-17 18:10:17.548] [exec_time] [info] **************** -- <running> - <algo> -- ****************
[2024-12-17 18:10:17.548] [exec_time] [info] 



[2024-12-17 18:10:17.548] [exec_time] [info] [name]: <h> Heavy Greedy
[2024-12-17 18:10:17.548] [exec_time] [info] [execution_time]: 43
[2024-12-17 18:10:17.548] [exec_time] [info] [capacity]: 62
[2024-12-17 18:10:17.548] [exec_time] [info] [solution]: 100
[2024-12-17 18:10:17.548] [exec_time] [info] [items_size]: [1000]
[2024-12-17 18:10:17.548] [exec_time] [info] 

[2024-12-17 18:10:17.548] [exec_time] [info] [name]: <h> Limited Greedy
[2024-12-17 18:10:17.548] [exec_time] [info] [execution_time]: 36
[2024-12-17 18:10:17.548] [exec_time] [info] [capacity]: 62
[2024-12-17 18:10:17.548] [exec_time] [info] [solution]: 100
[2024-12-17 18:10:17.548] [exec_time] [info] [items_size]: [1000]
[2024-12-17 18:10:17.548] [exec_time] [info] 

[2024-12-17 18:10:17.549] [exec_time] [info] [name]: <a> Branch and Bound
[2024-12-17 18:10:17.549] [exec_time] [info] [execution_time]: 298
[2024-12-17 18:10:17.549] [exec_time] [info] [capacity]: 62
[2024-12-17 18:10:17.549] [exec_time] [info] [solution]: 280
[2024-12-17 18:10:17.549] [exec_time] [info] [items_size]: [1000]
[2024-12-17 18:10:17.549] [exec_time] [info] 

[2024-12-17 18:10:17.549] [exec_time] [info] [name]: <h> MaxOfTwo Greedy
[2024-12-17 18:10:17.549] [exec_time] [info] [execution_time]: 143
[2024-12-17 18:10:17.549] [exec_time] [info] [capacity]: 62
[2024-12-17 18:10:17.549] [exec_time] [info] [solution]: 280
[2024-12-17 18:10:17.549] [exec_time] [info] [items_size]: [1000]
[2024-12-17 18:10:17.549] [exec_time] [info] 

[2024-12-17 18:10:17.550] [exec_time] [info] [name]: <h> Scored Greedy
[2024-12-17 18:10:17.550] [exec_time] [info] [execution_time]: 1345
[2024-12-17 18:10:17.550] [exec_time] [info] [capacity]: 62
[2024-12-17 18:10:17.550] [exec_time] [info] [solution]: 242
[2024-12-17 18:10:17.550] [exec_time] [info] [items_size]: [1000]
[2024-12-17 18:10:17.550] [exec_time] [info] 

[2024-12-17 18:10:17.550] [exec_time] [info] [name]: <h> Deal Stingy
[2024-12-17 18:10:17.550] [exec_time] [info] [execution_time]: 1700
[2024-12-17 18:10:17.550] [exec_time] [info] [capacity]: 62
[2024-12-17 18:10:17.550] [exec_time] [info] [solution]: 242
[2024-12-17 18:10:17.550] [exec_time] [info] [items_size]: [1000]
[2024-12-17 18:10:17.550] [exec_time] [info] 

[2024-12-17 18:10:17.551] [exec_time] [info] [name]: <h> Sliding Threshold Greedy
[2024-12-17 18:10:17.551] [exec_time] [info] [execution_time]: 192
[2024-12-17 18:10:17.551] [exec_time] [info] [capacity]: 62
[2024-12-17 18:10:17.551] [exec_time] [info] [solution]: 91
[2024-12-17 18:10:17.551] [exec_time] [info] [items_size]: [1000]
[2024-12-17 18:10:17.551] [exec_time] [info] 

[2024-12-17 18:10:17.551] [exec_time] [info] [name]: <h> Standard Greedy
[2024-12-17 18:10:17.551] [exec_time] [info] [execution_time]: 154
[2024-12-17 18:10:17.551] [exec_time] [info] [capacity]: 62
[2024-12-17 18:10:17.551] [exec_time] [info] [solution]: 280
[2024-12-17 18:10:17.551] [exec_time] [info] [items_size]: [1000]
[2024-12-17 18:10:17.551] [exec_time] [info] 

[2024-12-17 18:10:17.553] [exec_time] [info] [name]: <h> Transitioning Greedy
[2024-12-17 18:10:17.553] [exec_time] [info] [execution_time]: 1934
[2024-12-17 18:10:17.553] [exec_time] [info] [capacity]: 62
[2024-12-17 18:10:17.553] [exec_time] [info] [solution]: 196
[2024-12-17 18:10:17.553] [exec_time] [info] [items_size]: [1000]
[2024-12-17 18:10:17.553] [exec_time] [info] 

[2024-12-17 18:10:17.553] [exec_time] [info] [name]: <h> Weight Stingy
[2024-12-17 18:10:17.553] [exec_time] [info] [execution_time]: 190
[2024-12-17 18:10:17.553] [exec_time] [info] [capacity]: 62
[2024-12-17 18:10:17.553] [exec_time] [info] [solution]: 91
[2024-12-17 18:10:17.553] [exec_time] [info] [items_size]: [1000]
[2024-12-17 18:10:17.553] [exec_time] [info] 

[2024-12-17 18:10:17.570] [exec_time] [info] [name]: <a> Memoization
[2024-12-17 18:10:17.570] [exec_time] [info] [execution_time]: 21474
[2024-12-17 18:10:17.570] [exec_time] [info] [capacity]: 62
[2024-12-17 18:10:17.570] [exec_time] [info] [solution]: 280
[2024-12-17 18:10:17.570] [exec_time] [info] [items_size]: [1000]
[2024-12-17 18:10:17.570] [exec_time] [info] 

[2024-12-17 18:10:17.570] [exec_time] [info] [name]: <a> Simulated Annealing
[2024-12-17 18:10:17.570] [exec_time] [info] [execution_time]: 8
[2024-12-17 18:10:17.570] [exec_time] [info] [capacity]: 62
[2024-12-17 18:10:17.570] [exec_time] [info] [solution]: 38
[2024-12-17 18:10:17.570] [exec_time] [info] [items_size]: [1000]
[2024-12-17 18:10:17.570] [exec_time] [info] 

[2024-12-17 18:10:19.198] [exec_time] [info] [name]: <a> Ant Colony Optimization
[2024-12-17 18:10:19.198] [exec_time] [info] [execution_time]: 1649549
[2024-12-17 18:10:19.198] [exec_time] [info] [capacity]: 62
[2024-12-17 18:10:19.198] [exec_time] [info] [solution]: 130
[2024-12-17 18:10:19.198] [exec_time] [info] [items_size]: [1000]
[2024-12-17 18:10:19.198] [exec_time] [info] 

[2024-12-17 18:10:19.198] [exec_time] [info] [name]: <a> Dynamic Programming
[2024-12-17 18:10:19.198] [exec_time] [info] [execution_time]: 143
[2024-12-17 18:10:19.198] [exec_time] [info] [capacity]: 62
[2024-12-17 18:10:19.198] [exec_time] [info] [solution]: 280
[2024-12-17 18:10:19.198] [exec_time] [info] [items_size]: [1000]
[2024-12-17 18:10:19.198] [exec_time] [info] 

[2024-12-17 18:11:39.108] [exec_time] [info] [name]: <a> Recursive
[2024-12-17 18:11:39.108] [exec_time] [info] [execution_time]: 81560223
[2024-12-17 18:11:39.108] [exec_time] [info] [capacity]: 62
[2024-12-17 18:11:39.108] [exec_time] [info] [solution]: 280
[2024-12-17 18:11:39.108] [exec_time] [info] [items_size]: [1000]
[2024-12-17 18:11:39.108] [exec_time] [info] 

[2024-12-17 18:11:39.108] [exec_time] [info] [name]: <a> Backtracking
[2024-12-17 18:11:39.108] [exec_time] [info] [execution_time]: 614
[2024-12-17 18:11:39.108] [exec_time] [info] [capacity]: 62
[2024-12-17 18:11:39.108] [exec_time] [info] [solution]: 87
[2024-12-17 18:11:39.108] [exec_time] [info] [items_size]: [1000]
[2024-12-17 18:11:39.108] [exec_time] [info] 

