2024-12-25 15:58:06,691 - Tests.Python.parser_utils - INFO - Starting SA algorithm.
2024-12-25 15:58:06,692 - Tests.Python.parser_utils - INFO - Starting to parse log file: /Users/jbalkovec/Desktop/Knapsack/Logs/SA_test.log
2024-12-25 15:58:06,692 - Tests.Python.parser_utils - INFO - Successfully read log file. Skipped the first 5 lines. Total lines: 88
2024-12-25 15:58:06,692 - Tests.Python.parser_utils - INFO - Added LogEntry at line 14
2024-12-25 15:58:06,693 - Tests.Python.parser_utils - INFO - Added LogEntry at line 24
2024-12-25 15:58:06,693 - Tests.Python.parser_utils - INFO - Added LogEntry at line 34
2024-12-25 15:58:06,693 - Tests.Python.parser_utils - INFO - Added LogEntry at line 44
2024-12-25 15:58:06,693 - Tests.Python.parser_utils - INFO - Added LogEntry at line 54
2024-12-25 15:58:06,693 - Tests.Python.parser_utils - INFO - Added LogEntry at line 64
2024-12-25 15:58:06,693 - Tests.Python.parser_utils - INFO - Added LogEntry at line 74
2024-12-25 15:58:06,693 - Tests.Python.parser_utils - INFO - Added LogEntry at line 84
2024-12-25 15:58:06,693 - Tests.Python.parser_utils - INFO - Added final LogEntry: RunEntry(
  <name>           = Simulated Annealing,
  <parameters>     = Simulated Annealing, <run: 9> Initial Temp: 70 | Cooling Rate: 0.75
  <execution_time> = 12
  <capacity>       = 100
  <solution>       = 102
  <items_size>     = 1000
)
2024-12-25 15:58:06,693 - Tests.Python.parser_utils - INFO - Finished parsing log file. Total entries: 9
2024-12-25 15:58:06,693 - Tests.Python.parser_utils - INFO - SA algorithm ran successfully.
2024-12-25 15:58:06,693 - Tests.Python.parser_utils - INFO - Finished SA algorithm.
2024-12-25 15:58:06,693 - Tests.Python.parser_utils - INFO - Starting ACO algorithm.
2024-12-25 15:58:06,693 - Tests.Python.parser_utils - INFO - Starting to parse log file: /Users/jbalkovec/Desktop/Knapsack/Logs/ACO_test.log
2024-12-25 15:58:06,694 - Tests.Python.parser_utils - INFO - Successfully read log file. Skipped the first 5 lines. Total lines: 1618
2024-12-25 15:58:06,695 - Tests.Python.parser_utils - INFO - Added LogEntry at line 14
2024-12-25 15:58:06,695 - Tests.Python.parser_utils - INFO - Added LogEntry at line 24
2024-12-25 15:58:06,695 - Tests.Python.parser_utils - INFO - Added LogEntry at line 34
2024-12-25 15:58:06,695 - Tests.Python.parser_utils - INFO - Added LogEntry at line 44
2024-12-25 15:58:06,695 - Tests.Python.parser_utils - INFO - Added LogEntry at line 54
2024-12-25 15:58:06,695 - Tests.Python.parser_utils - INFO - Added LogEntry at line 64
2024-12-25 15:58:06,695 - Tests.Python.parser_utils - INFO - Added LogEntry at line 74
2024-12-25 15:58:06,695 - Tests.Python.parser_utils - INFO - Added LogEntry at line 84
2024-12-25 15:58:06,695 - Tests.Python.parser_utils - INFO - Added LogEntry at line 94
2024-12-25 15:58:06,695 - Tests.Python.parser_utils - INFO - Added LogEntry at line 104
2024-12-25 15:58:06,695 - Tests.Python.parser_utils - INFO - Added LogEntry at line 114
2024-12-25 15:58:06,695 - Tests.Python.parser_utils - INFO - Added LogEntry at line 124
2024-12-25 15:58:06,695 - Tests.Python.parser_utils - INFO - Added LogEntry at line 134
2024-12-25 15:58:06,695 - Tests.Python.parser_utils - INFO - Added LogEntry at line 144
2024-12-25 15:58:06,695 - Tests.Python.parser_utils - INFO - Added LogEntry at line 154
2024-12-25 15:58:06,695 - Tests.Python.parser_utils - INFO - Added LogEntry at line 164
2024-12-25 15:58:06,696 - Tests.Python.parser_utils - INFO - Added LogEntry at line 174
2024-12-25 15:58:06,696 - Tests.Python.parser_utils - INFO - Added LogEntry at line 184
2024-12-25 15:58:06,696 - Tests.Python.parser_utils - INFO - Added LogEntry at line 194
2024-12-25 15:58:06,696 - Tests.Python.parser_utils - INFO - Added LogEntry at line 204
2024-12-25 15:58:06,696 - Tests.Python.parser_utils - INFO - Added LogEntry at line 214
2024-12-25 15:58:06,696 - Tests.Python.parser_utils - INFO - Added LogEntry at line 224
2024-12-25 15:58:06,696 - Tests.Python.parser_utils - INFO - Added LogEntry at line 234
2024-12-25 15:58:06,696 - Tests.Python.parser_utils - INFO - Added LogEntry at line 244
2024-12-25 15:58:06,696 - Tests.Python.parser_utils - INFO - Added LogEntry at line 254
2024-12-25 15:58:06,696 - Tests.Python.parser_utils - INFO - Added LogEntry at line 264
2024-12-25 15:58:06,696 - Tests.Python.parser_utils - INFO - Added LogEntry at line 274
2024-12-25 15:58:06,696 - Tests.Python.parser_utils - INFO - Added LogEntry at line 284
2024-12-25 15:58:06,696 - Tests.Python.parser_utils - INFO - Added LogEntry at line 294
2024-12-25 15:58:06,696 - Tests.Python.parser_utils - INFO - Added LogEntry at line 304
2024-12-25 15:58:06,696 - Tests.Python.parser_utils - INFO - Added LogEntry at line 314
2024-12-25 15:58:06,696 - Tests.Python.parser_utils - INFO - Added LogEntry at line 324
2024-12-25 15:58:06,696 - Tests.Python.parser_utils - INFO - Added LogEntry at line 334
2024-12-25 15:58:06,696 - Tests.Python.parser_utils - INFO - Added LogEntry at line 344
2024-12-25 15:58:06,697 - Tests.Python.parser_utils - INFO - Added LogEntry at line 354
2024-12-25 15:58:06,697 - Tests.Python.parser_utils - INFO - Added LogEntry at line 364
2024-12-25 15:58:06,697 - Tests.Python.parser_utils - INFO - Added LogEntry at line 374
2024-12-25 15:58:06,697 - Tests.Python.parser_utils - INFO - Added LogEntry at line 384
2024-12-25 15:58:06,697 - Tests.Python.parser_utils - INFO - Added LogEntry at line 394
2024-12-25 15:58:06,697 - Tests.Python.parser_utils - INFO - Added LogEntry at line 404
2024-12-25 15:58:06,697 - Tests.Python.parser_utils - INFO - Added LogEntry at line 414
2024-12-25 15:58:06,697 - Tests.Python.parser_utils - INFO - Added LogEntry at line 424
2024-12-25 15:58:06,697 - Tests.Python.parser_utils - INFO - Added LogEntry at line 434
2024-12-25 15:58:06,697 - Tests.Python.parser_utils - INFO - Added LogEntry at line 444
2024-12-25 15:58:06,697 - Tests.Python.parser_utils - INFO - Added LogEntry at line 454
2024-12-25 15:58:06,697 - Tests.Python.parser_utils - INFO - Added LogEntry at line 464
2024-12-25 15:58:06,697 - Tests.Python.parser_utils - INFO - Added LogEntry at line 474
2024-12-25 15:58:06,697 - Tests.Python.parser_utils - INFO - Added LogEntry at line 484
2024-12-25 15:58:06,697 - Tests.Python.parser_utils - INFO - Added LogEntry at line 494
2024-12-25 15:58:06,697 - Tests.Python.parser_utils - INFO - Added LogEntry at line 504
2024-12-25 15:58:06,697 - Tests.Python.parser_utils - INFO - Added LogEntry at line 514
2024-12-25 15:58:06,697 - Tests.Python.parser_utils - INFO - Added LogEntry at line 524
2024-12-25 15:58:06,698 - Tests.Python.parser_utils - INFO - Added LogEntry at line 534
2024-12-25 15:58:06,698 - Tests.Python.parser_utils - INFO - Added LogEntry at line 544
2024-12-25 15:58:06,698 - Tests.Python.parser_utils - INFO - Added LogEntry at line 554
2024-12-25 15:58:06,698 - Tests.Python.parser_utils - INFO - Added LogEntry at line 564
2024-12-25 15:58:06,698 - Tests.Python.parser_utils - INFO - Added LogEntry at line 574
2024-12-25 15:58:06,698 - Tests.Python.parser_utils - INFO - Added LogEntry at line 584
2024-12-25 15:58:06,698 - Tests.Python.parser_utils - INFO - Added LogEntry at line 594
2024-12-25 15:58:06,698 - Tests.Python.parser_utils - INFO - Added LogEntry at line 604
2024-12-25 15:58:06,698 - Tests.Python.parser_utils - INFO - Added LogEntry at line 614
2024-12-25 15:58:06,698 - Tests.Python.parser_utils - INFO - Added LogEntry at line 624
2024-12-25 15:58:06,698 - Tests.Python.parser_utils - INFO - Added LogEntry at line 634
2024-12-25 15:58:06,698 - Tests.Python.parser_utils - INFO - Added LogEntry at line 644
2024-12-25 15:58:06,698 - Tests.Python.parser_utils - INFO - Added LogEntry at line 654
2024-12-25 15:58:06,698 - Tests.Python.parser_utils - INFO - Added LogEntry at line 664
2024-12-25 15:58:06,698 - Tests.Python.parser_utils - INFO - Added LogEntry at line 674
2024-12-25 15:58:06,698 - Tests.Python.parser_utils - INFO - Added LogEntry at line 684
2024-12-25 15:58:06,698 - Tests.Python.parser_utils - INFO - Added LogEntry at line 694
2024-12-25 15:58:06,698 - Tests.Python.parser_utils - INFO - Added LogEntry at line 704
2024-12-25 15:58:06,699 - Tests.Python.parser_utils - INFO - Added LogEntry at line 714
2024-12-25 15:58:06,699 - Tests.Python.parser_utils - INFO - Added LogEntry at line 724
2024-12-25 15:58:06,699 - Tests.Python.parser_utils - INFO - Added LogEntry at line 734
2024-12-25 15:58:06,699 - Tests.Python.parser_utils - INFO - Added LogEntry at line 744
2024-12-25 15:58:06,699 - Tests.Python.parser_utils - INFO - Added LogEntry at line 754
2024-12-25 15:58:06,699 - Tests.Python.parser_utils - INFO - Added LogEntry at line 764
2024-12-25 15:58:06,699 - Tests.Python.parser_utils - INFO - Added LogEntry at line 774
2024-12-25 15:58:06,699 - Tests.Python.parser_utils - INFO - Added LogEntry at line 784
2024-12-25 15:58:06,699 - Tests.Python.parser_utils - INFO - Added LogEntry at line 794
2024-12-25 15:58:06,699 - Tests.Python.parser_utils - INFO - Added LogEntry at line 804
2024-12-25 15:58:06,699 - Tests.Python.parser_utils - INFO - Added LogEntry at line 814
2024-12-25 15:58:06,699 - Tests.Python.parser_utils - INFO - Added LogEntry at line 824
2024-12-25 15:58:06,699 - Tests.Python.parser_utils - INFO - Added LogEntry at line 834
2024-12-25 15:58:06,699 - Tests.Python.parser_utils - INFO - Added LogEntry at line 844
2024-12-25 15:58:06,699 - Tests.Python.parser_utils - INFO - Added LogEntry at line 854
2024-12-25 15:58:06,699 - Tests.Python.parser_utils - INFO - Added LogEntry at line 864
2024-12-25 15:58:06,699 - Tests.Python.parser_utils - INFO - Added LogEntry at line 874
2024-12-25 15:58:06,699 - Tests.Python.parser_utils - INFO - Added LogEntry at line 884
2024-12-25 15:58:06,700 - Tests.Python.parser_utils - INFO - Added LogEntry at line 894
2024-12-25 15:58:06,700 - Tests.Python.parser_utils - INFO - Added LogEntry at line 904
2024-12-25 15:58:06,700 - Tests.Python.parser_utils - INFO - Added LogEntry at line 914
2024-12-25 15:58:06,700 - Tests.Python.parser_utils - INFO - Added LogEntry at line 924
2024-12-25 15:58:06,700 - Tests.Python.parser_utils - INFO - Added LogEntry at line 934
2024-12-25 15:58:06,700 - Tests.Python.parser_utils - INFO - Added LogEntry at line 944
2024-12-25 15:58:06,700 - Tests.Python.parser_utils - INFO - Added LogEntry at line 954
2024-12-25 15:58:06,700 - Tests.Python.parser_utils - INFO - Added LogEntry at line 964
2024-12-25 15:58:06,700 - Tests.Python.parser_utils - INFO - Added LogEntry at line 974
2024-12-25 15:58:06,700 - Tests.Python.parser_utils - INFO - Added LogEntry at line 984
2024-12-25 15:58:06,700 - Tests.Python.parser_utils - INFO - Added LogEntry at line 994
2024-12-25 15:58:06,700 - Tests.Python.parser_utils - INFO - Added LogEntry at line 1004
2024-12-25 15:58:06,700 - Tests.Python.parser_utils - INFO - Added LogEntry at line 1014
2024-12-25 15:58:06,700 - Tests.Python.parser_utils - INFO - Added LogEntry at line 1024
2024-12-25 15:58:06,700 - Tests.Python.parser_utils - INFO - Added LogEntry at line 1034
2024-12-25 15:58:06,700 - Tests.Python.parser_utils - INFO - Added LogEntry at line 1044
2024-12-25 15:58:06,700 - Tests.Python.parser_utils - INFO - Added LogEntry at line 1054
2024-12-25 15:58:06,700 - Tests.Python.parser_utils - INFO - Added LogEntry at line 1064
2024-12-25 15:58:06,700 - Tests.Python.parser_utils - INFO - Added LogEntry at line 1074
2024-12-25 15:58:06,701 - Tests.Python.parser_utils - INFO - Added LogEntry at line 1084
2024-12-25 15:58:06,701 - Tests.Python.parser_utils - INFO - Added LogEntry at line 1094
2024-12-25 15:58:06,701 - Tests.Python.parser_utils - INFO - Added LogEntry at line 1104
2024-12-25 15:58:06,701 - Tests.Python.parser_utils - INFO - Added LogEntry at line 1114
2024-12-25 15:58:06,701 - Tests.Python.parser_utils - INFO - Added LogEntry at line 1124
2024-12-25 15:58:06,701 - Tests.Python.parser_utils - INFO - Added LogEntry at line 1134
2024-12-25 15:58:06,701 - Tests.Python.parser_utils - INFO - Added LogEntry at line 1144
2024-12-25 15:58:06,701 - Tests.Python.parser_utils - INFO - Added LogEntry at line 1154
2024-12-25 15:58:06,701 - Tests.Python.parser_utils - INFO - Added LogEntry at line 1164
2024-12-25 15:58:06,701 - Tests.Python.parser_utils - INFO - Added LogEntry at line 1174
2024-12-25 15:58:06,701 - Tests.Python.parser_utils - INFO - Added LogEntry at line 1184
2024-12-25 15:58:06,701 - Tests.Python.parser_utils - INFO - Added LogEntry at line 1194
2024-12-25 15:58:06,701 - Tests.Python.parser_utils - INFO - Added LogEntry at line 1204
2024-12-25 15:58:06,701 - Tests.Python.parser_utils - INFO - Added LogEntry at line 1214
2024-12-25 15:58:06,701 - Tests.Python.parser_utils - INFO - Added LogEntry at line 1224
2024-12-25 15:58:06,701 - Tests.Python.parser_utils - INFO - Added LogEntry at line 1234
2024-12-25 15:58:06,701 - Tests.Python.parser_utils - INFO - Added LogEntry at line 1244
2024-12-25 15:58:06,702 - Tests.Python.parser_utils - INFO - Added LogEntry at line 1254
2024-12-25 15:58:06,702 - Tests.Python.parser_utils - INFO - Added LogEntry at line 1264
2024-12-25 15:58:06,702 - Tests.Python.parser_utils - INFO - Added LogEntry at line 1274
2024-12-25 15:58:06,702 - Tests.Python.parser_utils - INFO - Added LogEntry at line 1284
2024-12-25 15:58:06,702 - Tests.Python.parser_utils - INFO - Added LogEntry at line 1294
2024-12-25 15:58:06,702 - Tests.Python.parser_utils - INFO - Added LogEntry at line 1304
2024-12-25 15:58:06,702 - Tests.Python.parser_utils - INFO - Added LogEntry at line 1314
2024-12-25 15:58:06,702 - Tests.Python.parser_utils - INFO - Added LogEntry at line 1324
2024-12-25 15:58:06,702 - Tests.Python.parser_utils - INFO - Added LogEntry at line 1334
2024-12-25 15:58:06,702 - Tests.Python.parser_utils - INFO - Added LogEntry at line 1344
2024-12-25 15:58:06,702 - Tests.Python.parser_utils - INFO - Added LogEntry at line 1354
2024-12-25 15:58:06,702 - Tests.Python.parser_utils - INFO - Added LogEntry at line 1364
2024-12-25 15:58:06,702 - Tests.Python.parser_utils - INFO - Added LogEntry at line 1374
2024-12-25 15:58:06,702 - Tests.Python.parser_utils - INFO - Added LogEntry at line 1384
2024-12-25 15:58:06,702 - Tests.Python.parser_utils - INFO - Added LogEntry at line 1394
2024-12-25 15:58:06,702 - Tests.Python.parser_utils - INFO - Added LogEntry at line 1404
2024-12-25 15:58:06,702 - Tests.Python.parser_utils - INFO - Added LogEntry at line 1414
2024-12-25 15:58:06,702 - Tests.Python.parser_utils - INFO - Added LogEntry at line 1424
2024-12-25 15:58:06,702 - Tests.Python.parser_utils - INFO - Added LogEntry at line 1434
2024-12-25 15:58:06,703 - Tests.Python.parser_utils - INFO - Added LogEntry at line 1444
2024-12-25 15:58:06,703 - Tests.Python.parser_utils - INFO - Added LogEntry at line 1454
2024-12-25 15:58:06,703 - Tests.Python.parser_utils - INFO - Added LogEntry at line 1464
2024-12-25 15:58:06,703 - Tests.Python.parser_utils - INFO - Added LogEntry at line 1474
2024-12-25 15:58:06,703 - Tests.Python.parser_utils - INFO - Added LogEntry at line 1484
2024-12-25 15:58:06,703 - Tests.Python.parser_utils - INFO - Added LogEntry at line 1494
2024-12-25 15:58:06,703 - Tests.Python.parser_utils - INFO - Added LogEntry at line 1504
2024-12-25 15:58:06,703 - Tests.Python.parser_utils - INFO - Added LogEntry at line 1514
2024-12-25 15:58:06,703 - Tests.Python.parser_utils - INFO - Added LogEntry at line 1524
2024-12-25 15:58:06,703 - Tests.Python.parser_utils - INFO - Added LogEntry at line 1534
2024-12-25 15:58:06,703 - Tests.Python.parser_utils - INFO - Added LogEntry at line 1544
2024-12-25 15:58:06,703 - Tests.Python.parser_utils - INFO - Added LogEntry at line 1554
2024-12-25 15:58:06,703 - Tests.Python.parser_utils - INFO - Added LogEntry at line 1564
2024-12-25 15:58:06,703 - Tests.Python.parser_utils - INFO - Added LogEntry at line 1574
2024-12-25 15:58:06,703 - Tests.Python.parser_utils - INFO - Added LogEntry at line 1584
2024-12-25 15:58:06,703 - Tests.Python.parser_utils - INFO - Added LogEntry at line 1594
2024-12-25 15:58:06,703 - Tests.Python.parser_utils - INFO - Added LogEntry at line 1604
2024-12-25 15:58:06,703 - Tests.Python.parser_utils - INFO - Added LogEntry at line 1614
2024-12-25 15:58:06,704 - Tests.Python.parser_utils - INFO - Added final LogEntry: RunEntry(
  <name>           = Ant Colony Optimization,
  <parameters>     = Ant Colony Optimization, <run: 162> Num Ants: 55 | Num Iter: 1550 | Alpha: 1.55 | Beta: 4.2 | Evaporation Rate: 0.8
  <execution_time> = 3137251
  <capacity>       = 100
  <solution>       = 364
  <items_size>     = 1000
)
2024-12-25 15:58:06,704 - Tests.Python.parser_utils - INFO - Finished parsing log file. Total entries: 162
2024-12-25 15:58:06,704 - Tests.Python.parser_utils - INFO - ACO algorithm ran successfully.
2024-12-25 15:58:06,704 - Tests.Python.parser_utils - INFO - Finished ACO algorithm.
2024-12-25 15:58:06,705 - Tests.Python.parser_utils - INFO - Finished parsing the test log file.
